<?xml version="1.0" encoding="UTF-8"?>
<testsuite name="simplemapper.MapperTest" tests="6" skipped="0" failures="0" errors="0" timestamp="2016-02-01T21:48:34" hostname="Smelser" time="0.012">
  <properties/>
  <testcase name="testMapWithFieldResolver" classname="simplemapper.MapperTest" time="0.005"/>
  <testcase name="testMapWithCustomMappingForEachElement" classname="simplemapper.MapperTest" time="0.002"/>
  <testcase name="test" classname="simplemapper.MapperTest" time="0.001"/>
  <testcase name="testMapWithCustomMapping" classname="simplemapper.MapperTest" time="0.0"/>
  <testcase name="testMapWithComplexList" classname="simplemapper.MapperTest" time="0.0"/>
  <testcase name="testMapWithList" classname="simplemapper.MapperTest" time="0.003"/>
  <system-out><![CDATA[]]></system-out>
  <system-err><![CDATA[]]></system-err>
</testsuite>
